<?xml version="1.0" encoding="UTF-8"?>
<testsuite xmlns:xsi="http://www.w3.org/2001/XMLSchema-instance" xsi:noNamespaceSchemaLocation="https://maven.apache.org/surefire/maven-surefire-plugin/xsd/surefire-test-report-3.0.xsd" version="3.0" name="udistrital.avanzada.taller.control.ControlLogicaTest" time="0.929" tests="8" errors="1" skipped="0" failures="2">
  <properties>
[...]
</properties>
  <testcase name="testGetRondaActual" classname="udistrital.avanzada.taller.control.ControlLogicaTest" time="0.345">
    <failure message="La ronda inicial debe ser 0 ==&gt; expected: &lt;0&gt; but was: &lt;1&gt;" type="org.opentest4j.AssertionFailedError"><![CDATA[org.opentest4j.AssertionFailedError: La ronda inicial debe ser 0 ==> expected: <0> but was: <1>
	at org.junit.jupiter.api.AssertionFailureBuilder.build(AssertionFailureBuilder.java:151)
	at org.junit.jupiter.api.AssertionFailureBuilder.buildAndThrow(AssertionFailureBuilder.java:132)
	at org.junit.jupiter.api.AssertEquals.failNotEqual(AssertEquals.java:197)
	at org.junit.jupiter.api.AssertEquals.assertEquals(AssertEquals.java:150)
	at org.junit.jupiter.api.Assertions.assertEquals(Assertions.java:563)
	at udistrital.avanzada.taller.control.ControlLogicaTest.testGetRondaActual(ControlLogicaTest.java:118)
	at java.base/java.lang.reflect.Method.invoke(Method.java:565)
	at java.base/java.util.ArrayList.forEach(ArrayList.java:1604)
	at java.base/java.util.ArrayList.forEach(ArrayList.java:1604)
]]></failure>
    <system-out><![CDATA[=== INICIO DE PRUEBAS DE CONTROLLOGICA ===
]]></system-out>
  </testcase>
  <testcase name="testLanzarArgollaSinPartida" classname="udistrital.avanzada.taller.control.ControlLogicaTest" time="0.141"/>
  <testcase name="testGetJugadoresDisponibles" classname="udistrital.avanzada.taller.control.ControlLogicaTest" time="0.074"/>
  <testcase name="testCrearNuevoEquipoJugadoresInvalidos" classname="udistrital.avanzada.taller.control.ControlLogicaTest" time="0.079"/>
  <testcase name="testCrearNuevoEquipoNombreVacio" classname="udistrital.avanzada.taller.control.ControlLogicaTest" time="0.063"/>
  <testcase name="testReiniciarPartida" classname="udistrital.avanzada.taller.control.ControlLogicaTest" time="0.052"/>
  <testcase name="testCrearNuevoEquipoValido" classname="udistrital.avanzada.taller.control.ControlLogicaTest" time="0.06">
    <error message="El jugador Pedro no está disponible." type="java.lang.IllegalArgumentException"><![CDATA[java.lang.IllegalArgumentException: El jugador Pedro no está disponible.
	at udistrital.avanzada.taller.control.ControlEquipos.crearEquipo(ControlEquipos.java:75)
	at udistrital.avanzada.taller.control.ControlLogica.crearNuevoEquipo(ControlLogica.java:216)
	at udistrital.avanzada.taller.control.ControlLogicaTest.testCrearNuevoEquipoValido(ControlLogicaTest.java:63)
	at java.base/java.lang.reflect.Method.invoke(Method.java:565)
	at java.base/java.util.ArrayList.forEach(ArrayList.java:1604)
	at java.base/java.util.ArrayList.forEach(ArrayList.java:1604)
]]></error>
  </testcase>
  <testcase name="testAvanzarRonda" classname="udistrital.avanzada.taller.control.ControlLogicaTest" time="0.057">
    <failure message="Al iniciar no debería permitir avanzar si no hay partida activa ==&gt; expected: &lt;false&gt; but was: &lt;true&gt;" type="org.opentest4j.AssertionFailedError"><![CDATA[org.opentest4j.AssertionFailedError: Al iniciar no debería permitir avanzar si no hay partida activa ==> expected: <false> but was: <true>
	at org.junit.jupiter.api.AssertionFailureBuilder.build(AssertionFailureBuilder.java:151)
	at org.junit.jupiter.api.AssertionFailureBuilder.buildAndThrow(AssertionFailureBuilder.java:132)
	at org.junit.jupiter.api.AssertFalse.failNotFalse(AssertFalse.java:63)
	at org.junit.jupiter.api.AssertFalse.assertFalse(AssertFalse.java:36)
	at org.junit.jupiter.api.Assertions.assertFalse(Assertions.java:239)
	at udistrital.avanzada.taller.control.ControlLogicaTest.testAvanzarRonda(ControlLogicaTest.java:109)
	at java.base/java.lang.reflect.Method.invoke(Method.java:565)
	at java.base/java.util.ArrayList.forEach(ArrayList.java:1604)
	at java.base/java.util.ArrayList.forEach(ArrayList.java:1604)
]]></failure>
  </testcase>
</testsuite>