<?xml version="1.0" encoding="UTF-8"?>
<testsuite xmlns:xsi="http://www.w3.org/2001/XMLSchema-instance" xsi:noNamespaceSchemaLocation="https://maven.apache.org/surefire/maven-surefire-plugin/xsd/surefire-test-report-3.0.xsd" version="3.0" name="udistrital.avanzada.taller.control.ControlEquiposTest" time="0.11" tests="9" errors="0" skipped="0" failures="0">
  <properties>
[...]
</properties>
  <testcase name="testHaySuficientesJugadores" classname="udistrital.avanzada.taller.control.ControlEquiposTest" time="0.034">
    <system-out><![CDATA[=== INICIO DE LAS PRUEBAS DE CONTROLEQUIPOS ===
]]></system-out>
  </testcase>
  <testcase name="testCrearEquipoValido" classname="udistrital.avanzada.taller.control.ControlEquiposTest" time="0.003"/>
  <testcase name="testCrearEquipoConJugadoresInvalidos" classname="udistrital.avanzada.taller.control.ControlEquiposTest" time="0.004"/>
  <testcase name="testBuscarJugadorDisponible" classname="udistrital.avanzada.taller.control.ControlEquiposTest" time="0.001"/>
  <testcase name="testDeshacerEquipo" classname="udistrital.avanzada.taller.control.ControlEquiposTest" time="0.001"/>
  <testcase name="testLimpiarEquipos" classname="udistrital.avanzada.taller.control.ControlEquiposTest" time="0.001"/>
  <testcase name="testSetEquipos" classname="udistrital.avanzada.taller.control.ControlEquiposTest" time="0.002">
    <system-out><![CDATA[setEquipos
]]></system-out>
  </testcase>
  <testcase name="testSetJugadoresDisponibles" classname="udistrital.avanzada.taller.control.ControlEquiposTest" time="0.001">
    <system-out><![CDATA[setJugadoresDisponibles
]]></system-out>
  </testcase>
  <testcase name="testCrearEquipoSinNombre" classname="udistrital.avanzada.taller.control.ControlEquiposTest" time="0.003"/>
</testsuite>